<?xml version="1.0" encoding="UTF-8"?>
<!-- Generated by org.testng.reporters.JUnitReportReporter -->
<testsuite hostname="LAPTOP-2RV1JR5A" failures="0" tests="1" name="com.sddevops.EcommerceClothesProject.CreateOrderTest" time="1.957" errors="0" timestamp="2022-02-25T12:10:22 SGT" skipped="0">
  <testcase classname="com.sddevops.EcommerceClothesProject.CreateOrderTest" name="checkInput" time="1.957"/>
</testsuite> <!-- com.sddevops.EcommerceClothesProject.CreateOrderTest -->
