<?xml version="1.0" encoding="UTF-8"?>
<!-- Generated by org.testng.reporters.JUnitReportReporter -->
<testsuite hostname="DESKTOP-GTQ7H2I" failures="0" tests="4" name="com.sddevops.EcommerceClothesProject.NewTest" time="3.703" errors="0" timestamp="2022-02-24T23:03:51 SGT" skipped="0">
  <testcase classname="com.sddevops.EcommerceClothesProject.NewTest" name="checkRegister" time="1.822"/>
  <testcase classname="com.sddevops.EcommerceClothesProject.NewTest" name="checkLogin" time="1.106"/>
  <testcase classname="com.sddevops.EcommerceClothesProject.NewTest" name="checkUpdate" time="0.667"/>
  <testcase classname="com.sddevops.EcommerceClothesProject.NewTest" name="checkDelete" time="0.108"/>
</testsuite> <!-- com.sddevops.EcommerceClothesProject.NewTest -->
