<?xml version="1.0" encoding="UTF-8"?>
<!-- Generated by org.testng.reporters.JUnitReportReporter -->
<testsuite hostname="LAPTOP-2RV1JR5A" failures="0" tests="1" name="com.sddevops.EcommerceClothesProject.DeleteProductTest" time="1.608" errors="0" timestamp="2022-02-25T16:07:15 SGT" skipped="0">
  <testcase classname="com.sddevops.EcommerceClothesProject.DeleteProductTest" name="checkInput" time="1.608"/>
</testsuite> <!-- com.sddevops.EcommerceClothesProject.DeleteProductTest -->
