<?xml version="1.0" encoding="UTF-8"?>
<!-- Generated by org.testng.reporters.JUnitReportReporter -->
<testsuite hostname="LAPTOP-2RV1JR5A" failures="0" tests="1" name="com.sddevops.selenium_EcommerceClothesProject.UpdateProductTest" time="2.296" errors="0" timestamp="2022-02-23T22:59:48 SGT" skipped="0">
  <testcase classname="com.sddevops.selenium_EcommerceClothesProject.UpdateProductTest" name="checkInput" time="2.296"/>
</testsuite> <!-- com.sddevops.selenium_EcommerceClothesProject.UpdateProductTest -->
