<?xml version="1.0" encoding="UTF-8"?>
<!-- Generated by org.testng.reporters.JUnitReportReporter -->
<testsuite hostname="LAPTOP-2RV1JR5A" failures="0" tests="1" name="com.sddevops.selenium_EcommerceClothesProject.CreateOrderTest" time="2.917" errors="0" timestamp="2022-02-24T00:26:06 SGT" skipped="0">
  <testcase classname="com.sddevops.selenium_EcommerceClothesProject.CreateOrderTest" name="checkInput" time="2.917"/>
</testsuite> <!-- com.sddevops.selenium_EcommerceClothesProject.CreateOrderTest -->
