<?xml version="1.0" encoding="UTF-8"?>
<!-- Generated by org.testng.reporters.JUnitReportReporter -->
<testsuite hostname="LAPTOP-2RV1JR5A" failures="0" tests="1" name="com.sddevops.EcommerceClothesProject.CreateOrderTest" time="2.588" errors="0" timestamp="2022-02-25T16:07:40 SGT" skipped="0">
  <testcase classname="com.sddevops.EcommerceClothesProject.CreateOrderTest" name="checkInput" time="2.588"/>
</testsuite> <!-- com.sddevops.EcommerceClothesProject.CreateOrderTest -->
