<?xml version="1.0" encoding="UTF-8"?>
<!-- Generated by org.testng.reporters.JUnitReportReporter -->
<testsuite hostname="LAPTOP-2RV1JR5A" failures="0" tests="1" name="com.sddevops.EcommerceClothesProject.AddProductTest" time="1.760" errors="0" timestamp="2022-02-25T16:06:39 SGT" skipped="0">
  <testcase classname="com.sddevops.EcommerceClothesProject.AddProductTest" name="checkInput" time="1.760"/>
</testsuite> <!-- com.sddevops.EcommerceClothesProject.AddProductTest -->
