<?xml version="1.0" encoding="UTF-8"?>
<!-- Generated by org.testng.reporters.JUnitReportReporter -->
<testsuite hostname="LAPTOP-2RV1JR5A" failures="0" tests="1" name="com.sddevops.EcommerceClothesProject.UpdateProductTest" time="1.896" errors="0" timestamp="2022-02-25T12:09:46 SGT" skipped="0">
  <testcase classname="com.sddevops.EcommerceClothesProject.UpdateProductTest" name="checkInput" time="1.896"/>
</testsuite> <!-- com.sddevops.EcommerceClothesProject.UpdateProductTest -->
