<?xml version="1.0" encoding="UTF-8"?>
<!-- Generated by org.testng.reporters.JUnitReportReporter -->
<testsuite hostname="LAPTOP-2RV1JR5A" failures="0" tests="1" name="com.sddevops.selenium_EcommerceClothesProject.RemoveandIncrementOrderTest" time="2.753" errors="0" timestamp="2022-02-24T00:14:40 SGT" skipped="0">
  <testcase classname="com.sddevops.selenium_EcommerceClothesProject.RemoveandIncrementOrderTest" name="checkInput" time="2.753"/>
</testsuite> <!-- com.sddevops.selenium_EcommerceClothesProject.RemoveandIncrementOrderTest -->
